2025-11-24 10:17:04.511 [SpringApplicationShutdownHook] INFO  o.s.b.w.e.tomcat.GracefulShutdown - Commencing graceful shutdown. Waiting for active requests to complete
2025-11-24 10:17:06.555 [tomcat-shutdown] INFO  o.s.b.w.e.tomcat.GracefulShutdown - Graceful shutdown complete
2025-11-24 10:17:06.638 [SpringApplicationShutdownHook] DEBUG o.s.w.s.h.LoggingWebSocketHandlerDecorator - Transport error in WebSocketServerSockJsSession[id=go25kfi0]
java.io.IOException: java.nio.channels.ClosedChannelException
	at org.apache.tomcat.websocket.WsRemoteEndpointImplBase.sendMessageBlockInternal(WsRemoteEndpointImplBase.java:326)
	at org.apache.tomcat.websocket.WsRemoteEndpointImplBase.sendMessageBlock(WsRemoteEndpointImplBase.java:266)
	at org.apache.tomcat.websocket.WsSession.sendCloseMessage(WsSession.java:777)
	at org.apache.tomcat.websocket.WsSession.doClose(WsSession.java:574)
	at org.apache.tomcat.websocket.WsSession.doClose(WsSession.java:541)
	at org.apache.tomcat.websocket.WsSession.close(WsSession.java:529)
	at org.apache.tomcat.websocket.WsWebSocketContainer.destroy(WsWebSocketContainer.java:1034)
	at org.apache.tomcat.websocket.server.WsContextListener.contextDestroyed(WsContextListener.java:46)
	at org.apache.catalina.core.StandardContext.listenerStop(StandardContext.java:4078)
	at org.apache.catalina.core.StandardContext.stopInternal(StandardContext.java:4688)
	at org.apache.catalina.util.LifecycleBase.stop(LifecycleBase.java:235)
	at org.apache.catalina.core.ContainerBase$StopChild.call(ContainerBase.java:1217)
	at org.apache.catalina.core.ContainerBase$StopChild.call(ContainerBase.java:1206)
	at java.base/java.util.concurrent.FutureTask.run(FutureTask.java:328)
	at org.apache.tomcat.util.threads.InlineExecutorService.execute(InlineExecutorService.java:81)
	at java.base/java.util.concurrent.AbstractExecutorService.submit(AbstractExecutorService.java:149)
	at org.apache.catalina.core.ContainerBase.stopInternal(ContainerBase.java:812)
	at org.apache.catalina.util.LifecycleBase.stop(LifecycleBase.java:235)
	at org.apache.catalina.core.ContainerBase$StopChild.call(ContainerBase.java:1217)
	at org.apache.catalina.core.ContainerBase$StopChild.call(ContainerBase.java:1206)
	at java.base/java.util.concurrent.FutureTask.run(FutureTask.java:328)
	at org.apache.tomcat.util.threads.InlineExecutorService.execute(InlineExecutorService.java:81)
	at java.base/java.util.concurrent.AbstractExecutorService.submit(AbstractExecutorService.java:149)
	at org.apache.catalina.core.ContainerBase.stopInternal(ContainerBase.java:812)
	at org.apache.catalina.util.LifecycleBase.stop(LifecycleBase.java:235)
	at org.apache.catalina.core.StandardService.stopInternal(StandardService.java:466)
	at org.apache.catalina.util.LifecycleBase.stop(LifecycleBase.java:235)
	at org.apache.catalina.core.StandardServer.stopInternal(StandardServer.java:913)
	at org.apache.catalina.util.LifecycleBase.stop(LifecycleBase.java:235)
	at org.apache.catalina.startup.Tomcat.stop(Tomcat.java:446)
	at org.springframework.boot.web.embedded.tomcat.TomcatWebServer.stopTomcat(TomcatWebServer.java:301)
	at org.springframework.boot.web.embedded.tomcat.TomcatWebServer.destroy(TomcatWebServer.java:374)
	at org.springframework.boot.web.servlet.context.ServletWebServerApplicationContext.doClose(ServletWebServerApplicationContext.java:182)
	at org.springframework.context.support.AbstractApplicationContext.close(AbstractApplicationContext.java:1129)
	at org.springframework.boot.SpringApplicationShutdownHook.closeAndWait(SpringApplicationShutdownHook.java:147)
	at java.base/java.lang.Iterable.forEach(Iterable.java:75)
	at org.springframework.boot.SpringApplicationShutdownHook.run(SpringApplicationShutdownHook.java:116)
	at java.base/java.lang.Thread.run(Thread.java:1474)
Caused by: java.nio.channels.ClosedChannelException: null
	at org.apache.tomcat.util.net.NioChannel$1.write(NioChannel.java:282)
	at org.apache.tomcat.util.net.NioEndpoint$NioSocketWrapper$NioOperationState.run(NioEndpoint.java:1670)
	at org.apache.tomcat.util.net.SocketWrapperBase$OperationState.start(SocketWrapperBase.java:987)
	at org.apache.tomcat.util.net.SocketWrapperBase.vectoredOperation(SocketWrapperBase.java:1358)
	at org.apache.tomcat.util.net.SocketWrapperBase.write(SocketWrapperBase.java:1287)
	at org.apache.tomcat.util.net.SocketWrapperBase.write(SocketWrapperBase.java:1262)
	at org.apache.tomcat.websocket.server.WsRemoteEndpointImplServer.doWrite(WsRemoteEndpointImplServer.java:173)
	at org.apache.tomcat.websocket.WsRemoteEndpointImplBase.writeMessagePart(WsRemoteEndpointImplBase.java:521)
	at org.apache.tomcat.websocket.WsRemoteEndpointImplBase.sendMessageBlockInternal(WsRemoteEndpointImplBase.java:313)
	... 37 common frames omitted
2025-11-24 10:17:06.641 [SpringApplicationShutdownHook] ERROR c.r.p.w.DLQEventWebSocketHandler - WebSocket transport error for session go25kfi0
java.io.IOException: java.nio.channels.ClosedChannelException
	at org.apache.tomcat.websocket.WsRemoteEndpointImplBase.sendMessageBlockInternal(WsRemoteEndpointImplBase.java:326)
	at org.apache.tomcat.websocket.WsRemoteEndpointImplBase.sendMessageBlock(WsRemoteEndpointImplBase.java:266)
	at org.apache.tomcat.websocket.WsSession.sendCloseMessage(WsSession.java:777)
	at org.apache.tomcat.websocket.WsSession.doClose(WsSession.java:574)
	at org.apache.tomcat.websocket.WsSession.doClose(WsSession.java:541)
	at org.apache.tomcat.websocket.WsSession.close(WsSession.java:529)
	at org.apache.tomcat.websocket.WsWebSocketContainer.destroy(WsWebSocketContainer.java:1034)
	at org.apache.tomcat.websocket.server.WsContextListener.contextDestroyed(WsContextListener.java:46)
	at org.apache.catalina.core.StandardContext.listenerStop(StandardContext.java:4078)
	at org.apache.catalina.core.StandardContext.stopInternal(StandardContext.java:4688)
	at org.apache.catalina.util.LifecycleBase.stop(LifecycleBase.java:235)
	at org.apache.catalina.core.ContainerBase$StopChild.call(ContainerBase.java:1217)
	at org.apache.catalina.core.ContainerBase$StopChild.call(ContainerBase.java:1206)
	at java.base/java.util.concurrent.FutureTask.run(FutureTask.java:328)
	at org.apache.tomcat.util.threads.InlineExecutorService.execute(InlineExecutorService.java:81)
	at java.base/java.util.concurrent.AbstractExecutorService.submit(AbstractExecutorService.java:149)
	at org.apache.catalina.core.ContainerBase.stopInternal(ContainerBase.java:812)
	at org.apache.catalina.util.LifecycleBase.stop(LifecycleBase.java:235)
	at org.apache.catalina.core.ContainerBase$StopChild.call(ContainerBase.java:1217)
	at org.apache.catalina.core.ContainerBase$StopChild.call(ContainerBase.java:1206)
	at java.base/java.util.concurrent.FutureTask.run(FutureTask.java:328)
	at org.apache.tomcat.util.threads.InlineExecutorService.execute(InlineExecutorService.java:81)
	at java.base/java.util.concurrent.AbstractExecutorService.submit(AbstractExecutorService.java:149)
	at org.apache.catalina.core.ContainerBase.stopInternal(ContainerBase.java:812)
	at org.apache.catalina.util.LifecycleBase.stop(LifecycleBase.java:235)
	at org.apache.catalina.core.StandardService.stopInternal(StandardService.java:466)
	at org.apache.catalina.util.LifecycleBase.stop(LifecycleBase.java:235)
	at org.apache.catalina.core.StandardServer.stopInternal(StandardServer.java:913)
	at org.apache.catalina.util.LifecycleBase.stop(LifecycleBase.java:235)
	at org.apache.catalina.startup.Tomcat.stop(Tomcat.java:446)
	at org.springframework.boot.web.embedded.tomcat.TomcatWebServer.stopTomcat(TomcatWebServer.java:301)
	at org.springframework.boot.web.embedded.tomcat.TomcatWebServer.destroy(TomcatWebServer.java:374)
	at org.springframework.boot.web.servlet.context.ServletWebServerApplicationContext.doClose(ServletWebServerApplicationContext.java:182)
	at org.springframework.context.support.AbstractApplicationContext.close(AbstractApplicationContext.java:1129)
	at org.springframework.boot.SpringApplicationShutdownHook.closeAndWait(SpringApplicationShutdownHook.java:147)
	at java.base/java.lang.Iterable.forEach(Iterable.java:75)
	at org.springframework.boot.SpringApplicationShutdownHook.run(SpringApplicationShutdownHook.java:116)
	at java.base/java.lang.Thread.run(Thread.java:1474)
Caused by: java.nio.channels.ClosedChannelException: null
	at org.apache.tomcat.util.net.NioChannel$1.write(NioChannel.java:282)
	at org.apache.tomcat.util.net.NioEndpoint$NioSocketWrapper$NioOperationState.run(NioEndpoint.java:1670)
	at org.apache.tomcat.util.net.SocketWrapperBase$OperationState.start(SocketWrapperBase.java:987)
	at org.apache.tomcat.util.net.SocketWrapperBase.vectoredOperation(SocketWrapperBase.java:1358)
	at org.apache.tomcat.util.net.SocketWrapperBase.write(SocketWrapperBase.java:1287)
	at org.apache.tomcat.util.net.SocketWrapperBase.write(SocketWrapperBase.java:1262)
	at org.apache.tomcat.websocket.server.WsRemoteEndpointImplServer.doWrite(WsRemoteEndpointImplServer.java:173)
	at org.apache.tomcat.websocket.WsRemoteEndpointImplBase.writeMessagePart(WsRemoteEndpointImplBase.java:521)
	at org.apache.tomcat.websocket.WsRemoteEndpointImplBase.sendMessageBlockInternal(WsRemoteEndpointImplBase.java:313)
	... 37 common frames omitted
2025-11-24 10:17:06.642 [SpringApplicationShutdownHook] INFO  c.r.p.service.WebSocketEventService - WebSocket session removed: go25kfi0 (Sent 0 messages, Remaining active: 0)
2025-11-24 10:17:06.643 [SpringApplicationShutdownHook] DEBUG o.s.w.s.h.LoggingWebSocketHandlerDecorator - WebSocketServerSockJsSession[id=go25kfi0] closed with CloseStatus[code=1001, reason=The web application is stopping]
2025-11-24 10:17:06.643 [SpringApplicationShutdownHook] INFO  c.r.p.w.DLQEventWebSocketHandler - WebSocket connection closed: go25kfi0 (Status: CloseStatus[code=1001, reason=The web application is stopping])
2025-11-24 10:17:06.643 [SpringApplicationShutdownHook] INFO  c.r.p.service.WebSocketEventService - WebSocket session removed: go25kfi0 (Sent null messages, Remaining active: 0)
2025-11-24 10:51:37.526 [main] INFO  c.r.p.RedisMessagingPatternsApplication - Starting RedisMessagingPatternsApplication using Java 25.0.1 with PID 80035 (/Users/thomas.manson/Projects/RedisDLQJedis/target/classes started by thomas.manson in /Users/thomas.manson/Projects/RedisDLQJedis)
2025-11-24 10:51:37.527 [main] DEBUG c.r.p.RedisMessagingPatternsApplication - Running with Spring Boot v3.5.7, Spring v6.2.12
2025-11-24 10:51:37.527 [main] INFO  c.r.p.RedisMessagingPatternsApplication - No active profile set, falling back to 1 default profile: "default"
2025-11-24 10:51:37.788 [main] INFO  o.s.b.w.e.tomcat.TomcatWebServer - Tomcat initialized with port 8080 (http)
2025-11-24 10:51:37.793 [main] INFO  o.a.catalina.core.StandardService - Starting service [Tomcat]
2025-11-24 10:51:37.794 [main] INFO  o.a.catalina.core.StandardEngine - Starting Servlet engine: [Apache Tomcat/10.1.48]
2025-11-24 10:51:37.808 [main] INFO  o.a.c.c.C.[.[localhost].[/api] - Initializing Spring embedded WebApplicationContext
2025-11-24 10:51:37.808 [main] INFO  o.s.b.w.s.c.ServletWebServerApplicationContext - Root WebApplicationContext: initialization completed in 264 ms
2025-11-24 10:51:37.824 [main] DEBUG o.s.web.filter.CorsFilter - Filter 'corsFilter' configured for use
2025-11-24 10:51:37.859 [main] INFO  c.redis.patterns.config.RedisConfig - Initializing Redis connection pool...
2025-11-24 10:51:37.859 [main] INFO  c.redis.patterns.config.RedisConfig - Redis Host: localhost
2025-11-24 10:51:37.859 [main] INFO  c.redis.patterns.config.RedisConfig - Redis Port: 6379
2025-11-24 10:51:37.859 [main] INFO  c.redis.patterns.config.RedisConfig - Pool Configuration - MaxTotal: 50, MaxIdle: 20, MinIdle: 5
2025-11-24 10:51:37.859 [main] INFO  c.redis.patterns.config.RedisConfig - Creating Redis pool without authentication
2025-11-24 10:51:37.925 [main] INFO  c.redis.patterns.config.RedisConfig - Redis connection test successful: PONG
2025-11-24 10:51:37.925 [main] INFO  c.redis.patterns.config.RedisConfig - Redis connection pool initialized successfully
2025-11-24 10:51:37.934 [main] INFO  c.r.p.service.RedisLuaFunctionLoader - Checking Redis Lua functions...
2025-11-24 10:51:37.936 [main] INFO  c.r.p.service.RedisLuaFunctionLoader - Function library 'stream_utils' already loaded in Redis
2025-11-24 10:51:37.937 [main] INFO  c.r.p.service.StreamMonitorService - Initializing StreamMonitorService...
2025-11-24 10:51:37.939 [main] DEBUG c.r.p.service.StreamMonitorService - Consumer group 'monitor-group' already exists for stream 'test-stream'
2025-11-24 10:51:37.939 [main] DEBUG c.r.p.service.StreamMonitorService - Consumer group 'monitor-group' already exists for stream 'test-stream:dlq'
2025-11-24 10:51:37.939 [main] INFO  c.r.p.service.StreamMonitorService - StreamMonitorService initialized successfully
2025-11-24 10:51:37.948 [main] DEBUG o.s.w.s.s.s.WebSocketHandlerMapping - Patterns [/ws/dlq-events/**] in 'webSocketHandlerMapping'
2025-11-24 10:51:37.978 [main] TRACE o.s.w.s.m.m.a.RequestMappingHandlerMapping - 
	c.r.p.c.DLQController:
	{DELETE [/dlq/cleanup]}: cleanup(String,String)
	{POST [/dlq/init]}: initializeConsumerGroup(DLQParameters)
	{GET [/dlq/config]}: getConfig(String)
	{POST [/dlq/claim]}: claimOrDLQ(DLQParameters)
	{POST [/dlq/produce]}: produceMessage(Map)
	{GET [/dlq/stats]}: getStats(String,String,String)
	{GET [/dlq/messages]}: getMessages(String,int)
	{POST [/dlq/test]}: runTestScenario(TestScenarioRequest)
	{POST [/dlq/test/stop]}: stopTest()
	{GET [/dlq/test/status]}: getTestStatus()
	{POST [/dlq/config]}: saveConfig(DLQConfigRequest)
	{GET [/dlq/config/all]}: getAllConfigs()
2025-11-24 10:51:37.982 [main] TRACE o.s.w.s.m.m.a.RequestMappingHandlerMapping - 
	o.s.b.a.w.s.e.BasicErrorController:
	{ [/error]}: error(HttpServletRequest)
	{ [/error], produces [text/html]}: errorHtml(HttpServletRequest,HttpServletResponse)
2025-11-24 10:51:37.983 [main] DEBUG o.s.w.s.m.m.a.RequestMappingHandlerMapping - 14 mappings in 'requestMappingHandlerMapping'
2025-11-24 10:51:38.000 [main] DEBUG o.s.w.s.h.SimpleUrlHandlerMapping - Patterns [/webjars/**, /**] in 'resourceHandlerMapping'
2025-11-24 10:51:38.005 [main] DEBUG o.s.w.s.m.m.a.RequestMappingHandlerAdapter - ControllerAdvice beans: 0 @ModelAttribute, 0 @InitBinder, 1 RequestBodyAdvice, 1 ResponseBodyAdvice
2025-11-24 10:51:38.019 [main] DEBUG o.s.w.s.m.m.a.ExceptionHandlerExceptionResolver - ControllerAdvice beans: 0 @ExceptionHandler, 1 ResponseBodyAdvice
2025-11-24 10:51:38.051 [main] INFO  o.s.b.w.e.tomcat.TomcatWebServer - Tomcat started on port 8080 (http) with context path '/api'
2025-11-24 10:51:38.054 [main] INFO  c.r.p.RedisMessagingPatternsApplication - Started RedisMessagingPatternsApplication in 0.665 seconds (process running for 0.772)
2025-11-24 10:53:09.736 [http-nio-8080-exec-1] INFO  o.a.c.c.C.[.[localhost].[/api] - Initializing Spring DispatcherServlet 'dispatcherServlet'
2025-11-24 10:53:09.741 [http-nio-8080-exec-1] INFO  o.s.web.servlet.DispatcherServlet - Initializing Servlet 'dispatcherServlet'
2025-11-24 10:53:09.748 [http-nio-8080-exec-1] DEBUG o.s.web.servlet.DispatcherServlet - Detected StandardServletMultipartResolver
2025-11-24 10:53:09.748 [http-nio-8080-exec-1] DEBUG o.s.web.servlet.DispatcherServlet - Detected AcceptHeaderLocaleResolver
2025-11-24 10:53:09.748 [http-nio-8080-exec-1] DEBUG o.s.web.servlet.DispatcherServlet - Detected FixedThemeResolver
2025-11-24 10:53:09.748 [http-nio-8080-exec-1] DEBUG o.s.web.servlet.DispatcherServlet - Detected org.springframework.web.servlet.view.DefaultRequestToViewNameTranslator@ca8ef3a
2025-11-24 10:53:09.748 [http-nio-8080-exec-1] DEBUG o.s.web.servlet.DispatcherServlet - Detected org.springframework.web.servlet.support.SessionFlashMapManager@420cd102
2025-11-24 10:53:09.749 [http-nio-8080-exec-1] DEBUG o.s.web.servlet.DispatcherServlet - enableLoggingRequestDetails='false': request parameters and headers will be masked to prevent unsafe logging of potentially sensitive data
2025-11-24 10:53:09.749 [http-nio-8080-exec-1] INFO  o.s.web.servlet.DispatcherServlet - Completed initialization in 8 ms
2025-11-24 10:53:09.762 [http-nio-8080-exec-2] DEBUG o.s.web.servlet.DispatcherServlet - GET "/api/dlq/messages?streamName=test-stream&count=10", parameters={masked}
2025-11-24 10:53:09.762 [http-nio-8080-exec-1] DEBUG o.s.web.servlet.DispatcherServlet - GET "/api/dlq/messages?streamName=test-stream:dlq&count=10", parameters={masked}
2025-11-24 10:53:09.762 [http-nio-8080-exec-3] DEBUG o.s.web.servlet.DispatcherServlet - GET "/api/ws/dlq-events/info?t=1763977989665", parameters={masked}
2025-11-24 10:53:09.764 [http-nio-8080-exec-3] DEBUG o.s.w.s.s.s.WebSocketHandlerMapping - Mapped to org.springframework.web.socket.sockjs.support.SockJsHttpRequestHandler@39c85c1a
2025-11-24 10:53:09.764 [http-nio-8080-exec-1] TRACE o.s.w.s.m.m.a.RequestMappingHandlerMapping - Mapped to com.redis.patterns.controller.DLQController#getMessages(String, int)
2025-11-24 10:53:09.764 [http-nio-8080-exec-2] TRACE o.s.w.s.m.m.a.RequestMappingHandlerMapping - Mapped to com.redis.patterns.controller.DLQController#getMessages(String, int)
2025-11-24 10:53:09.765 [http-nio-8080-exec-3] DEBUG o.s.w.s.s.t.h.DefaultSockJsService - Processing transport request: GET http://localhost:8080/api/ws/dlq-events/info?t=1763977989665
2025-11-24 10:53:09.765 [http-nio-8080-exec-3] DEBUG o.s.web.servlet.DispatcherServlet - Completed 200 OK
2025-11-24 10:53:09.769 [http-nio-8080-exec-4] DEBUG o.s.web.servlet.DispatcherServlet - GET "/api/ws/dlq-events/525/cc3quffd/websocket", parameters={}
2025-11-24 10:53:09.770 [http-nio-8080-exec-4] DEBUG o.s.w.s.s.s.WebSocketHandlerMapping - Mapped to org.springframework.web.socket.sockjs.support.SockJsHttpRequestHandler@39c85c1a
2025-11-24 10:53:09.770 [http-nio-8080-exec-4] DEBUG o.s.w.s.s.t.h.DefaultSockJsService - Processing transport request: GET http://localhost:8080/api/ws/dlq-events/525/cc3quffd/websocket
2025-11-24 10:53:09.773 [http-nio-8080-exec-1] DEBUG c.r.p.controller.DLQController - Reading 10 messages from stream: test-stream:dlq
2025-11-24 10:53:09.774 [http-nio-8080-exec-1] DEBUG c.r.p.service.DLQMessagingService - Reading 10 messages from stream 'test-stream:dlq'
2025-11-24 10:53:09.773 [http-nio-8080-exec-2] DEBUG c.r.p.controller.DLQController - Reading 10 messages from stream: test-stream
2025-11-24 10:53:09.775 [http-nio-8080-exec-2] DEBUG c.r.p.service.DLQMessagingService - Reading 10 messages from stream 'test-stream'
2025-11-24 10:53:09.776 [http-nio-8080-exec-1] DEBUG c.r.p.service.DLQMessagingService - Read 0 messages from stream 'test-stream:dlq'
2025-11-24 10:53:09.776 [http-nio-8080-exec-2] DEBUG c.r.p.service.DLQMessagingService - Read 7 messages from stream 'test-stream'
2025-11-24 10:53:09.782 [http-nio-8080-exec-2] DEBUG o.s.w.s.m.m.a.HttpEntityMethodProcessor - Using 'application/json', given [application/json, text/plain, */*] and supported [application/json, application/*+json]
2025-11-24 10:53:09.782 [http-nio-8080-exec-1] DEBUG o.s.w.s.m.m.a.HttpEntityMethodProcessor - Using 'application/json', given [application/json, text/plain, */*] and supported [application/json, application/*+json]
2025-11-24 10:53:09.783 [http-nio-8080-exec-2] TRACE o.s.w.s.m.m.a.HttpEntityMethodProcessor - Writing [{success=true, count=7, messages=[{id=1763742616990-0, fields={type=order.cancelled, order_id=1003, reason=payment_failed}}, {id=1763741315741-2, fields={type=order.cancelled, order_id=1003, reason=payment_failed}}, {id=1763741315741-1, fields={type=order.created, order_id=1002, amount=42.50}}, {id=1763741315741-0, fields={type=order.created, order_id=1001, amount=59.90}}, {id=1763739366410-1, fields={type=order.cancelled, order_id=1003, reason=payment_failed}}, {id=1763739366410-0, fields={type=order.created, order_id=1002, amount=42.50}}, {id=1763739366409-0, fields={type=order.created, order_id=1001, amount=59.90}}], streamName=test-stream}]
2025-11-24 10:53:09.783 [http-nio-8080-exec-1] TRACE o.s.w.s.m.m.a.HttpEntityMethodProcessor - Writing [{success=true, count=0, messages=[], streamName=test-stream:dlq}]
2025-11-24 10:53:09.788 [http-nio-8080-exec-4] DEBUG o.s.web.servlet.DispatcherServlet - Completed 101 SWITCHING_PROTOCOLS
2025-11-24 10:53:09.793 [http-nio-8080-exec-2] TRACE o.s.w.s.m.m.a.RequestMappingHandlerAdapter - Applying default cacheSeconds=-1
2025-11-24 10:53:09.793 [http-nio-8080-exec-1] TRACE o.s.w.s.m.m.a.RequestMappingHandlerAdapter - Applying default cacheSeconds=-1
2025-11-24 10:53:09.793 [http-nio-8080-exec-4] DEBUG o.s.w.s.h.LoggingWebSocketHandlerDecorator - New WebSocketServerSockJsSession[id=cc3quffd]
2025-11-24 10:53:09.793 [http-nio-8080-exec-1] DEBUG o.s.web.servlet.DispatcherServlet - Completed 200 OK
2025-11-24 10:53:09.793 [http-nio-8080-exec-2] DEBUG o.s.web.servlet.DispatcherServlet - Completed 200 OK
2025-11-24 10:53:09.793 [http-nio-8080-exec-4] INFO  c.r.p.w.DLQEventWebSocketHandler - New WebSocket connection established: cc3quffd
2025-11-24 10:53:09.793 [http-nio-8080-exec-4] INFO  c.r.p.service.WebSocketEventService - WebSocket session registered: cc3quffd (Total active: 1)
